This is pdfTeX, Version 3.141592653-2.6-1.40.29 (TeX Live 2026) (preloaded format=pdflatex 2026.3.22)  26 APR 2026 20:48
entering extended mode
 restricted \write18 enabled.
 file:line:error style messages enabled.
 %&-line parsing enabled.
**ML_book_complete.md
(./ML_book_complete.md
LaTeX2e <2025-11-01>
L3 programming layer <2026-01-19>
./ML_book_complete.md:1: You can't use `macro parameter character #' in vertica
l mode.
l.1 #
      Machine Learning Foundations & Practice
? 

./ML_book_complete.md:1: LaTeX Error: Missing \begin{document}.

See the LaTeX manual or LaTeX Companion for explanation.
Type  H <return>  for immediate help.
 ...                                              
                                                  
l.1 # M
       achine Learning Foundations & Practice
? 
./ML_book_complete.md:1: Emergency stop.
 ...                                              
                                                  
l.1 # M
       achine Learning Foundations & Practice
You're in trouble here.  Try typing  <return>  to proceed.
If that doesn't work, type  X <return>  to quit.

 
Here is how much of TeX's memory you used:
 16 strings out of 467525
 514 string characters out of 5418982
 433756 words of memory out of 5000000
 29024 multiletter control sequences out of 15000+600000
 627721 words of font info for 40 fonts, out of 8000000 for 9000
 1141 hyphenation exceptions out of 8191
 15i,0n,18p,96b,14s stack positions out of 10000i,1000n,20000p,200000b,200000s
./ML_book_complete.md:1:  ==> Fatal error occurred, no output PDF file produced
!
